<?xml version="1.0" encoding="UTF-8"?>
<testsuites name="jest tests" tests="8" failures="0" errors="0" time="2.349">
  <testsuite name="test getT9ExpansionsOfNumber function" errors="0" failures="0" skipped="0" timestamp="2022-01-30T16:16:04" time="2.268" tests="8">
    <testcase classname="test getT9ExpansionsOfNumber function shoud return the expected phoneword list for the input 1" name="test getT9ExpansionsOfNumber function shoud return the expected phoneword list for the input 1" time="0.001">
    </testcase>
    <testcase classname="test getT9ExpansionsOfNumber function shoud return the expected phoneword list for the input 2" name="test getT9ExpansionsOfNumber function shoud return the expected phoneword list for the input 2" time="0">
    </testcase>
    <testcase classname="test getT9ExpansionsOfNumber function shoud return the expected phoneword list for the input 23" name="test getT9ExpansionsOfNumber function shoud return the expected phoneword list for the input 23" time="0">
    </testcase>
    <testcase classname="test getT9ExpansionsOfNumber function shoud return the expected phoneword list for the input 32" name="test getT9ExpansionsOfNumber function shoud return the expected phoneword list for the input 32" time="0">
    </testcase>
    <testcase classname="test getT9ExpansionsOfNumber function shoud return the expected phoneword list for the input 132" name="test getT9ExpansionsOfNumber function shoud return the expected phoneword list for the input 132" time="0.001">
    </testcase>
    <testcase classname="test getT9ExpansionsOfNumber function shoud return the expected phoneword list for the input 312" name="test getT9ExpansionsOfNumber function shoud return the expected phoneword list for the input 312" time="0">
    </testcase>
    <testcase classname="test getT9ExpansionsOfNumber function shoud return the expected phoneword list for the input 321" name="test getT9ExpansionsOfNumber function shoud return the expected phoneword list for the input 321" time="0">
    </testcase>
    <testcase classname="test getT9ExpansionsOfNumber function shoud return the expected phoneword list for the input " name="test getT9ExpansionsOfNumber function shoud return the expected phoneword list for the input " time="0.001">
    </testcase>
  </testsuite>
</testsuites>